Beginning Battleship Client Session
Attempting to connect to Battleship Server host: 127.0.0.1
	Server Response:
	SRDY 1
Attempting to connect to Battleship Server host: 127.0.0.1
	Server Response:
	SRDY 2
Entered: Player1 Red
Successfully Joined Game, Waiting for other players
Entered: Player2 Blue
Successfully Joined Game, Waiting for other players
All Players have Joined, Go to Setup
All Players have Joined, Go to Setup
User selected: {'carrier': ['7_9', '3_9', '4_9', '5_9', '6_9'], 'battleship': ['1_1', '1_2', '1_3', '1_4'], 'cruiser': ['8_3', '6_3', '7_3'], 'submarine': ['7_5', '7_6', '7_7'], 'destroyer': ['10_7', '9_7']}
Sending coordinates to server
User selected: {'carrier': ['8_1', '4_1', '5_1', '6_1', '7_1'], 'battleship': ['5_3', '5_4', '5_5', '5_6'], 'cruiser': ['9_9', '7_9', '8_9'], 'submarine': ['9_7', '7_7', '8_7'], 'destroyer': ['2_7', '2_8']}
Sending coordinates to server
All Players have Setup, Go to Game Start
All Players have Setup, Go to Game Start
Retrieving game state
Game state: {'players': [2, 1], 'teams': {'Red': [2], 'Blue': [1]}, 'first_turn': 'Blue', '2': ['Player1', 'Red'], '1': ['Player2', 'Blue']}
Game state: {'players': [2, 1], 'teams': {'Red': [2], 'Blue': [1]}, 'first_turn': 'Blue', '2': ['Player1', 'Red'], '1': ['Player2', 'Blue']}
Transfer Success
Transfer Success
Sent move: Player1 2 4
Updated Game ['MISS', 'TURN_CHANGE']
Updated Game ['MISS', 'TURN_CHANGE']
Sent move: Player2 1 1
Updated Game ['HIT', 'TURN_CHANGE']
Updated Game ['HIT', 'TURN_CHANGE']
Sent chat message: Hello
Updated chat message: [Player1 (ALL)] Hello
Updated chat message: [Player1 (ALL)] Hello
Sent chat message: How are you
Updated chat message: [Player1 (ALL)] How are you
Sent chat message: Fine, Thank You
Updated chat message: [Player2 (ALL)] Fine, Thank You
Updated chat message: [Player2 (ALL)] Fine, Thank You
Sent move: Player2 1 2
Sent move: Player1 2 1
Updated Game ['MISS', 'TURN_CHANGE']
Updated Game ['MISS', 'TURN_CHANGE']
Sent move: Player2 6 3
Updated Game ['HIT', 'TURN_CHANGE']
Updated Game ['HIT', 'TURN_CHANGE']
Sent move: Player1 3 5
Updated Game ['MISS', 'TURN_CHANGE']
Updated Game ['MISS', 'TURN_CHANGE']
Sent move: Player2 7 3
Updated Game ['HIT', 'TURN_CHANGE']
Updated Game ['HIT', 'TURN_CHANGE']
Sent move: Player1 6 1
Updated Game ['HIT', 'TURN_CHANGE']
Updated Game ['HIT', 'TURN_CHANGE']
Sent move: Player2 8 3
Updated Game ['HIT', 'SUNK', 'TURN_CHANGE']
Updated Game ['HIT', 'SUNK', 'TURN_CHANGE']
Sent move: Player1 7 1
Updated Game ['HIT', 'TURN_CHANGE']
Updated Game ['HIT', 'TURN_CHANGE']
Sent move: Player2 1 2
Updated Game ['HIT', 'TURN_CHANGE']
Updated Game ['HIT', 'TURN_CHANGE']
Sent move: Player1 8 1
Updated Game ['HIT', 'TURN_CHANGE']
Updated Game ['HIT', 'TURN_CHANGE']
Sent move: Player2 1 3
Updated Game ['HIT', 'TURN_CHANGE']
Updated Game ['HIT', 'TURN_CHANGE']
Sent move: Player1 9 1
Updated Game ['MISS', 'TURN_CHANGE']
Updated Game ['MISS', 'TURN_CHANGE']
Sent move: Player2 1 4
Updated Game ['HIT', 'SUNK', 'TURN_CHANGE']
Updated Game ['HIT', 'SUNK', 'TURN_CHANGE']
Sent move: Player1 5 1
Updated Game ['HIT', 'TURN_CHANGE']
Updated Game ['HIT', 'TURN_CHANGE']
Sent move: Player2 4 2
Updated Game ['MISS', 'TURN_CHANGE']
Updated Game ['MISS', 'TURN_CHANGE']
Sent move: Player1 4 1
Updated Game ['HIT', 'SUNK', 'TURN_CHANGE']
Updated Game ['HIT', 'SUNK', 'TURN_CHANGE']
Sent move: Player2 10 6
Updated Game ['MISS', 'TURN_CHANGE']
Updated Game ['MISS', 'TURN_CHANGE']
Sent move: Player1 7 3
Updated Game ['MISS', 'TURN_CHANGE']
Updated Game ['MISS', 'TURN_CHANGE']
Sent move: Player2 10 7
Updated Game ['HIT', 'TURN_CHANGE']
Updated Game ['HIT', 'TURN_CHANGE']
Sent move: Player1 6 4
Updated Game ['MISS', 'TURN_CHANGE']
Updated Game ['MISS', 'TURN_CHANGE']
Sent move: Player2 8 7
Updated Game ['MISS', 'TURN_CHANGE']
Updated Game ['MISS', 'TURN_CHANGE']
Sent move: Player1 4 8
Updated Game ['MISS', 'TURN_CHANGE']
Updated Game ['MISS', 'TURN_CHANGE']
Sent move: Player2 9 7
Updated Game ['HIT', 'SUNK', 'TURN_CHANGE']
Updated Game ['HIT', 'SUNK', 'TURN_CHANGE']
Sent move: Player1 6 8
Updated Game ['MISS', 'TURN_CHANGE']
Updated Game ['MISS', 'TURN_CHANGE']
Sent move: Player2 6 9
Updated Game ['HIT', 'TURN_CHANGE']
Updated Game ['HIT', 'TURN_CHANGE']
Sent move: Player1 5 6
Updated Game ['HIT', 'TURN_CHANGE']
Updated Game ['HIT', 'TURN_CHANGE']
Sent move: Player2 5 9
Updated Game ['HIT', 'TURN_CHANGE']
Updated Game ['HIT', 'TURN_CHANGE']
Sent move: Player1 5 5
Updated Game ['HIT', 'TURN_CHANGE']
Updated Game ['HIT', 'TURN_CHANGE']
Sent move: Player2 7 9
Updated Game ['HIT', 'TURN_CHANGE']
Updated Game ['HIT', 'TURN_CHANGE']
Sent move: Player1 5 7
Updated Game ['MISS', 'TURN_CHANGE']
Updated Game ['MISS', 'TURN_CHANGE']
Sent move: Player2 4 9
Updated Game ['HIT', 'TURN_CHANGE']
Updated Game ['HIT', 'TURN_CHANGE']
Sent move: Player1 5 4
Updated Game ['HIT', 'TURN_CHANGE']
Updated Game ['HIT', 'TURN_CHANGE']
Sent move: Player2 8 9
Updated Game ['MISS', 'TURN_CHANGE']
Updated Game ['MISS', 'TURN_CHANGE']
Sent move: Player1 5 3
Updated Game ['HIT', 'SUNK', 'TURN_CHANGE']
Updated Game ['HIT', 'SUNK', 'TURN_CHANGE']
Sent move: Player2 3 9
Updated Game ['HIT', 'SUNK', 'TURN_CHANGE']
Updated Game ['HIT', 'SUNK', 'TURN_CHANGE']
Sent move: Player1 9 7
Updated Game ['HIT', 'TURN_CHANGE']
Updated Game ['HIT', 'TURN_CHANGE']
Sent move: Player2 7 5
Updated Game ['HIT', 'TURN_CHANGE']
Updated Game ['HIT', 'TURN_CHANGE']
Sent move: Player1 9 8
Updated Game ['MISS', 'TURN_CHANGE']
Updated Game ['MISS', 'TURN_CHANGE']
Sent move: Player2 7 6
Updated Game ['HIT', 'TURN_CHANGE']
Updated Game ['HIT', 'TURN_CHANGE']
Sent move: Player1 8 7
Updated Game ['HIT', 'TURN_CHANGE']
Updated Game ['HIT', 'TURN_CHANGE']
Sent move: Player2 7 7
Updated Game ['HIT', 'SUNK', 'ELIM_PLAYER', 'ELIM_TEAM', 'GAME_END']
Updated Game ['HIT', 'SUNK', 'ELIM_PLAYER', 'ELIM_TEAM', 'GAME_END']

Closing Battleship Game Client

Closing Battleship Game Client
